<?xml version="1.0" encoding="UTF-8"?>
<testng-results skipped="0" failed="0" total="0" passed="0">
  <reporter-output>
  </reporter-output>
  <suite name="Default Suite" duration-ms="4" started-at="2017-03-01T11:01:49Z" finished-at="2017-03-01T11:01:49Z">
    <groups>
    </groups>
    <test name="SpringMVCModuleTest" duration-ms="4" started-at="2017-03-01T11:01:49Z" finished-at="2017-03-01T11:01:49Z">
    </test> <!-- SpringMVCModuleTest -->
  </suite> <!-- Default Suite -->
</testng-results>
