<?xml version="1.0" encoding="UTF-8"?>
<testng-results skipped="0" failed="0" total="1" passed="1">
  <reporter-output>
  </reporter-output>
  <suite name="Default Suite" duration-ms="55" started-at="2017-02-15T02:52:47Z" finished-at="2017-02-15T02:52:47Z">
    <groups>
    </groups>
    <test name="SpringMVCModuleTest" duration-ms="55" started-at="2017-02-15T02:52:47Z" finished-at="2017-02-15T02:52:47Z">
      <class name="BeanUtilsTest">
        <test-method status="PASS" signature="test1()[pri:0, instance:BeanUtilsTest@6261d064]" name="test1" duration-ms="34" started-at="2017-02-15T10:52:47Z" finished-at="2017-02-15T10:52:47Z">
          <reporter-output>
          </reporter-output>
        </test-method> <!-- test1 -->
      </class> <!-- BeanUtilsTest -->
    </test> <!-- SpringMVCModuleTest -->
  </suite> <!-- Default Suite -->
</testng-results>
